<?xml version="1.0" encoding="UTF-8"?>
<!-- Generated by org.testng.reporters.JUnitReportReporter -->
<testsuite skipped="0" hostname="DESKTOP-U0GR5G6" name="com.learn.ci.maven.FirstMavemproj" tests="1" failures="0" timestamp="01 Apr 2018 12:49:36 GMT" time="0.015" errors="0">
  <testcase name="testhello" time="0.015" classname="com.learn.ci.maven.FirstMavemproj"/>
</testsuite> <!-- com.learn.ci.maven.FirstMavemproj -->
